<?xml version="1.0" encoding="UTF-8"?>
<testsuite name="ynzmz.server.review.lecture.controller.LectureReviewControllerTest" tests="4" skipped="0" failures="3" errors="0" timestamp="2023-03-17T02:54:08" hostname="gimminhoui-MacBookPro.local" time="0.044">
  <properties/>
  <testcase name="리뷰글 삭제 테스트" classname="ynzmz.server.review.lecture.controller.LectureReviewControllerTest" time="0.006"/>
  <testcase name="강의 리뷰 등록 테스트" classname="ynzmz.server.review.lecture.controller.LectureReviewControllerTest" time="0.012">
    <failure message="org.springframework.restdocs.snippet.SnippetException: The following parts of the payload were not documented:&#10;{&#10;  &quot;data&quot; : {&#10;    &quot;member&quot; : {&#10;      &quot;questions&quot; : [ ],&#10;      &quot;answers&quot; : [ ],&#10;      &quot;questionVotes&quot; : [ ],&#10;      &quot;answerVotes&quot; : [ ]&#10;    }&#10;  }&#10;}" type="org.springframework.restdocs.snippet.SnippetException">org.springframework.restdocs.snippet.SnippetException: The following parts of the payload were not documented:
{
  &quot;data&quot; : {
    &quot;member&quot; : {
      &quot;questions&quot; : [ ],
      &quot;answers&quot; : [ ],
      &quot;questionVotes&quot; : [ ],
      &quot;answerVotes&quot; : [ ]
    }
  }
}
	at app//org.springframework.restdocs.payload.AbstractFieldsSnippet.validateFieldDocumentation(AbstractFieldsSnippet.java:218)
	at app//org.springframework.restdocs.payload.AbstractFieldsSnippet.createModel(AbstractFieldsSnippet.java:160)
	at app//org.springframework.restdocs.snippet.TemplatedSnippet.document(TemplatedSnippet.java:78)
	at app//org.springframework.restdocs.generate.RestDocumentationGenerator.handle(RestDocumentationGenerator.java:191)
	at app//org.springframework.restdocs.mockmvc.RestDocumentationResultHandler.handle(RestDocumentationResultHandler.java:52)
	at app//org.springframework.test.web.servlet.MockMvc$1.andDo(MockMvc.java:219)
	at app//ynzmz.server.review.lecture.controller.LectureReviewControllerTest.postReviewPost(LectureReviewControllerTest.java:86)
	at java.base@11.0.17/jdk.internal.reflect.NativeMethodAccessorImpl.invoke0(Native Method)
	at java.base@11.0.17/jdk.internal.reflect.NativeMethodAccessorImpl.invoke(NativeMethodAccessorImpl.java:62)
	at java.base@11.0.17/jdk.internal.reflect.DelegatingMethodAccessorImpl.invoke(DelegatingMethodAccessorImpl.java:43)
	at java.base@11.0.17/java.lang.reflect.Method.invoke(Method.java:566)
	at app//org.junit.platform.commons.util.ReflectionUtils.invokeMethod(ReflectionUtils.java:725)
	at app//org.junit.jupiter.engine.execution.MethodInvocation.proceed(MethodInvocation.java:60)
	at app//org.junit.jupiter.engine.execution.InvocationInterceptorChain$ValidatingInvocation.proceed(InvocationInterceptorChain.java:131)
	at app//org.junit.jupiter.engine.extension.TimeoutExtension.intercept(TimeoutExtension.java:149)
	at app//org.junit.jupiter.engine.extension.TimeoutExtension.interceptTestableMethod(TimeoutExtension.java:140)
	at app//org.junit.jupiter.engine.extension.TimeoutExtension.interceptTestMethod(TimeoutExtension.java:84)
	at app//org.junit.jupiter.engine.execution.ExecutableInvoker$ReflectiveInterceptorCall.lambda$ofVoidMethod$0(ExecutableInvoker.java:115)
	at app//org.junit.jupiter.engine.execution.ExecutableInvoker.lambda$invoke$0(ExecutableInvoker.java:105)
	at app//org.junit.jupiter.engine.execution.InvocationInterceptorChain$InterceptedInvocation.proceed(InvocationInterceptorChain.java:106)
	at app//org.junit.jupiter.engine.execution.InvocationInterceptorChain.proceed(InvocationInterceptorChain.java:64)
	at app//org.junit.jupiter.engine.execution.InvocationInterceptorChain.chainAndInvoke(InvocationInterceptorChain.java:45)
	at app//org.junit.jupiter.engine.execution.InvocationInterceptorChain.invoke(InvocationInterceptorChain.java:37)
	at app//org.junit.jupiter.engine.execution.ExecutableInvoker.invoke(ExecutableInvoker.java:104)
	at app//org.junit.jupiter.engine.execution.ExecutableInvoker.invoke(ExecutableInvoker.java:98)
	at app//org.junit.jupiter.engine.descriptor.TestMethodTestDescriptor.lambda$invokeTestMethod$7(TestMethodTestDescriptor.java:214)
	at app//org.junit.platform.engine.support.hierarchical.ThrowableCollector.execute(ThrowableCollector.java:73)
	at app//org.junit.jupiter.engine.descriptor.TestMethodTestDescriptor.invokeTestMethod(TestMethodTestDescriptor.java:210)
	at app//org.junit.jupiter.engine.descriptor.TestMethodTestDescriptor.execute(TestMethodTestDescriptor.java:135)
	at app//org.junit.jupiter.engine.descriptor.TestMethodTestDescriptor.execute(TestMethodTestDescriptor.java:66)
	at app//org.junit.platform.engine.support.hierarchical.NodeTestTask.lambda$executeRecursively$6(NodeTestTask.java:151)
	at app//org.junit.platform.engine.support.hierarchical.ThrowableCollector.execute(ThrowableCollector.java:73)
	at app//org.junit.platform.engine.support.hierarchical.NodeTestTask.lambda$executeRecursively$8(NodeTestTask.java:141)
	at app//org.junit.platform.engine.support.hierarchical.Node.around(Node.java:137)
	at app//org.junit.platform.engine.support.hierarchical.NodeTestTask.lambda$executeRecursively$9(NodeTestTask.java:139)
	at app//org.junit.platform.engine.support.hierarchical.ThrowableCollector.execute(ThrowableCollector.java:73)
	at app//org.junit.platform.engine.support.hierarchical.NodeTestTask.executeRecursively(NodeTestTask.java:138)
	at app//org.junit.platform.engine.support.hierarchical.NodeTestTask.execute(NodeTestTask.java:95)
	at java.base@11.0.17/java.util.ArrayList.forEach(ArrayList.java:1541)
	at app//org.junit.platform.engine.support.hierarchical.SameThreadHierarchicalTestExecutorService.invokeAll(SameThreadHierarchicalTestExecutorService.java:41)
	at app//org.junit.platform.engine.support.hierarchical.NodeTestTask.lambda$executeRecursively$6(NodeTestTask.java:155)
	at app//org.junit.platform.engine.support.hierarchical.ThrowableCollector.execute(ThrowableCollector.java:73)
	at app//org.junit.platform.engine.support.hierarchical.NodeTestTask.lambda$executeRecursively$8(NodeTestTask.java:141)
	at app//org.junit.platform.engine.support.hierarchical.Node.around(Node.java:137)
	at app//org.junit.platform.engine.support.hierarchical.NodeTestTask.lambda$executeRecursively$9(NodeTestTask.java:139)
	at app//org.junit.platform.engine.support.hierarchical.ThrowableCollector.execute(ThrowableCollector.java:73)
	at app//org.junit.platform.engine.support.hierarchical.NodeTestTask.executeRecursively(NodeTestTask.java:138)
	at app//org.junit.platform.engine.support.hierarchical.NodeTestTask.execute(NodeTestTask.java:95)
	at java.base@11.0.17/java.util.ArrayList.forEach(ArrayList.java:1541)
	at app//org.junit.platform.engine.support.hierarchical.SameThreadHierarchicalTestExecutorService.invokeAll(SameThreadHierarchicalTestExecutorService.java:41)
	at app//org.junit.platform.engine.support.hierarchical.NodeTestTask.lambda$executeRecursively$6(NodeTestTask.java:155)
	at app//org.junit.platform.engine.support.hierarchical.ThrowableCollector.execute(ThrowableCollector.java:73)
	at app//org.junit.platform.engine.support.hierarchical.NodeTestTask.lambda$executeRecursively$8(NodeTestTask.java:141)
	at app//org.junit.platform.engine.support.hierarchical.Node.around(Node.java:137)
	at app//org.junit.platform.engine.support.hierarchical.NodeTestTask.lambda$executeRecursively$9(NodeTestTask.java:139)
	at app//org.junit.platform.engine.support.hierarchical.ThrowableCollector.execute(ThrowableCollector.java:73)
	at app//org.junit.platform.engine.support.hierarchical.NodeTestTask.executeRecursively(NodeTestTask.java:138)
	at app//org.junit.platform.engine.support.hierarchical.NodeTestTask.execute(NodeTestTask.java:95)
	at app//org.junit.platform.engine.support.hierarchical.SameThreadHierarchicalTestExecutorService.submit(SameThreadHierarchicalTestExecutorService.java:35)
	at app//org.junit.platform.engine.support.hierarchical.HierarchicalTestExecutor.execute(HierarchicalTestExecutor.java:57)
	at app//org.junit.platform.engine.support.hierarchical.HierarchicalTestEngine.execute(HierarchicalTestEngine.java:54)
	at org.junit.platform.launcher.core.EngineExecutionOrchestrator.execute(EngineExecutionOrchestrator.java:107)
	at org.junit.platform.launcher.core.EngineExecutionOrchestrator.execute(EngineExecutionOrchestrator.java:88)
	at org.junit.platform.launcher.core.EngineExecutionOrchestrator.lambda$execute$0(EngineExecutionOrchestrator.java:54)
	at org.junit.platform.launcher.core.EngineExecutionOrchestrator.withInterceptedStreams(EngineExecutionOrchestrator.java:67)
	at org.junit.platform.launcher.core.EngineExecutionOrchestrator.execute(EngineExecutionOrchestrator.java:52)
	at org.junit.platform.launcher.core.DefaultLauncher.execute(DefaultLauncher.java:114)
	at org.junit.platform.launcher.core.DefaultLauncher.execute(DefaultLauncher.java:86)
	at org.junit.platform.launcher.core.DefaultLauncherSession$DelegatingLauncher.execute(DefaultLauncherSession.java:86)
	at org.junit.platform.launcher.core.SessionPerRequestLauncher.execute(SessionPerRequestLauncher.java:53)
	at org.gradle.api.internal.tasks.testing.junitplatform.JUnitPlatformTestClassProcessor$CollectAllTestClassesExecutor.processAllTestClasses(JUnitPlatformTestClassProcessor.java:99)
	at org.gradle.api.internal.tasks.testing.junitplatform.JUnitPlatformTestClassProcessor$CollectAllTestClassesExecutor.access$000(JUnitPlatformTestClassProcessor.java:79)
	at org.gradle.api.internal.tasks.testing.junitplatform.JUnitPlatformTestClassProcessor.stop(JUnitPlatformTestClassProcessor.java:75)
	at org.gradle.api.internal.tasks.testing.SuiteTestClassProcessor.stop(SuiteTestClassProcessor.java:62)
	at java.base@11.0.17/jdk.internal.reflect.NativeMethodAccessorImpl.invoke0(Native Method)
	at java.base@11.0.17/jdk.internal.reflect.NativeMethodAccessorImpl.invoke(NativeMethodAccessorImpl.java:62)
	at java.base@11.0.17/jdk.internal.reflect.DelegatingMethodAccessorImpl.invoke(DelegatingMethodAccessorImpl.java:43)
	at java.base@11.0.17/java.lang.reflect.Method.invoke(Method.java:566)
	at org.gradle.internal.dispatch.ReflectionDispatch.dispatch(ReflectionDispatch.java:36)
	at org.gradle.internal.dispatch.ReflectionDispatch.dispatch(ReflectionDispatch.java:24)
	at org.gradle.internal.dispatch.ContextClassLoaderDispatch.dispatch(ContextClassLoaderDispatch.java:33)
	at org.gradle.internal.dispatch.ProxyDispatchAdapter$DispatchingInvocationHandler.invoke(ProxyDispatchAdapter.java:94)
	at com.sun.proxy.$Proxy2.stop(Unknown Source)
	at org.gradle.api.internal.tasks.testing.worker.TestWorker$3.run(TestWorker.java:193)
	at org.gradle.api.internal.tasks.testing.worker.TestWorker.executeAndMaintainThreadName(TestWorker.java:129)
	at org.gradle.api.internal.tasks.testing.worker.TestWorker.execute(TestWorker.java:100)
	at org.gradle.api.internal.tasks.testing.worker.TestWorker.execute(TestWorker.java:60)
	at org.gradle.process.internal.worker.child.ActionExecutionWorker.execute(ActionExecutionWorker.java:56)
	at org.gradle.process.internal.worker.child.SystemApplicationClassLoaderWorker.call(SystemApplicationClassLoaderWorker.java:113)
	at org.gradle.process.internal.worker.child.SystemApplicationClassLoaderWorker.call(SystemApplicationClassLoaderWorker.java:65)
	at app//worker.org.gradle.process.internal.worker.GradleWorkerMain.run(GradleWorkerMain.java:69)
	at app//worker.org.gradle.process.internal.worker.GradleWorkerMain.main(GradleWorkerMain.java:74)
</failure>
  </testcase>
  <testcase name="강의 리뷰 수정 테스트" classname="ynzmz.server.review.lecture.controller.LectureReviewControllerTest" time="0.011">
    <failure message="org.springframework.restdocs.snippet.SnippetException: The following parts of the payload were not documented:&#10;{&#10;  &quot;data&quot; : {&#10;    &quot;member&quot; : {&#10;      &quot;questions&quot; : [ ],&#10;      &quot;answers&quot; : [ ],&#10;      &quot;questionVotes&quot; : [ ],&#10;      &quot;answerVotes&quot; : [ ]&#10;    }&#10;  }&#10;}" type="org.springframework.restdocs.snippet.SnippetException">org.springframework.restdocs.snippet.SnippetException: The following parts of the payload were not documented:
{
  &quot;data&quot; : {
    &quot;member&quot; : {
      &quot;questions&quot; : [ ],
      &quot;answers&quot; : [ ],
      &quot;questionVotes&quot; : [ ],
      &quot;answerVotes&quot; : [ ]
    }
  }
}
	at app//org.springframework.restdocs.payload.AbstractFieldsSnippet.validateFieldDocumentation(AbstractFieldsSnippet.java:218)
	at app//org.springframework.restdocs.payload.AbstractFieldsSnippet.createModel(AbstractFieldsSnippet.java:160)
	at app//org.springframework.restdocs.snippet.TemplatedSnippet.document(TemplatedSnippet.java:78)
	at app//org.springframework.restdocs.generate.RestDocumentationGenerator.handle(RestDocumentationGenerator.java:191)
	at app//org.springframework.restdocs.mockmvc.RestDocumentationResultHandler.handle(RestDocumentationResultHandler.java:52)
	at app//org.springframework.test.web.servlet.MockMvc$1.andDo(MockMvc.java:219)
	at app//ynzmz.server.review.lecture.controller.LectureReviewControllerTest.patchReviewPost(LectureReviewControllerTest.java:151)
	at java.base@11.0.17/jdk.internal.reflect.NativeMethodAccessorImpl.invoke0(Native Method)
	at java.base@11.0.17/jdk.internal.reflect.NativeMethodAccessorImpl.invoke(NativeMethodAccessorImpl.java:62)
	at java.base@11.0.17/jdk.internal.reflect.DelegatingMethodAccessorImpl.invoke(DelegatingMethodAccessorImpl.java:43)
	at java.base@11.0.17/java.lang.reflect.Method.invoke(Method.java:566)
	at app//org.junit.platform.commons.util.ReflectionUtils.invokeMethod(ReflectionUtils.java:725)
	at app//org.junit.jupiter.engine.execution.MethodInvocation.proceed(MethodInvocation.java:60)
	at app//org.junit.jupiter.engine.execution.InvocationInterceptorChain$ValidatingInvocation.proceed(InvocationInterceptorChain.java:131)
	at app//org.junit.jupiter.engine.extension.TimeoutExtension.intercept(TimeoutExtension.java:149)
	at app//org.junit.jupiter.engine.extension.TimeoutExtension.interceptTestableMethod(TimeoutExtension.java:140)
	at app//org.junit.jupiter.engine.extension.TimeoutExtension.interceptTestMethod(TimeoutExtension.java:84)
	at app//org.junit.jupiter.engine.execution.ExecutableInvoker$ReflectiveInterceptorCall.lambda$ofVoidMethod$0(ExecutableInvoker.java:115)
	at app//org.junit.jupiter.engine.execution.ExecutableInvoker.lambda$invoke$0(ExecutableInvoker.java:105)
	at app//org.junit.jupiter.engine.execution.InvocationInterceptorChain$InterceptedInvocation.proceed(InvocationInterceptorChain.java:106)
	at app//org.junit.jupiter.engine.execution.InvocationInterceptorChain.proceed(InvocationInterceptorChain.java:64)
	at app//org.junit.jupiter.engine.execution.InvocationInterceptorChain.chainAndInvoke(InvocationInterceptorChain.java:45)
	at app//org.junit.jupiter.engine.execution.InvocationInterceptorChain.invoke(InvocationInterceptorChain.java:37)
	at app//org.junit.jupiter.engine.execution.ExecutableInvoker.invoke(ExecutableInvoker.java:104)
	at app//org.junit.jupiter.engine.execution.ExecutableInvoker.invoke(ExecutableInvoker.java:98)
	at app//org.junit.jupiter.engine.descriptor.TestMethodTestDescriptor.lambda$invokeTestMethod$7(TestMethodTestDescriptor.java:214)
	at app//org.junit.platform.engine.support.hierarchical.ThrowableCollector.execute(ThrowableCollector.java:73)
	at app//org.junit.jupiter.engine.descriptor.TestMethodTestDescriptor.invokeTestMethod(TestMethodTestDescriptor.java:210)
	at app//org.junit.jupiter.engine.descriptor.TestMethodTestDescriptor.execute(TestMethodTestDescriptor.java:135)
	at app//org.junit.jupiter.engine.descriptor.TestMethodTestDescriptor.execute(TestMethodTestDescriptor.java:66)
	at app//org.junit.platform.engine.support.hierarchical.NodeTestTask.lambda$executeRecursively$6(NodeTestTask.java:151)
	at app//org.junit.platform.engine.support.hierarchical.ThrowableCollector.execute(ThrowableCollector.java:73)
	at app//org.junit.platform.engine.support.hierarchical.NodeTestTask.lambda$executeRecursively$8(NodeTestTask.java:141)
	at app//org.junit.platform.engine.support.hierarchical.Node.around(Node.java:137)
	at app//org.junit.platform.engine.support.hierarchical.NodeTestTask.lambda$executeRecursively$9(NodeTestTask.java:139)
	at app//org.junit.platform.engine.support.hierarchical.ThrowableCollector.execute(ThrowableCollector.java:73)
	at app//org.junit.platform.engine.support.hierarchical.NodeTestTask.executeRecursively(NodeTestTask.java:138)
	at app//org.junit.platform.engine.support.hierarchical.NodeTestTask.execute(NodeTestTask.java:95)
	at java.base@11.0.17/java.util.ArrayList.forEach(ArrayList.java:1541)
	at app//org.junit.platform.engine.support.hierarchical.SameThreadHierarchicalTestExecutorService.invokeAll(SameThreadHierarchicalTestExecutorService.java:41)
	at app//org.junit.platform.engine.support.hierarchical.NodeTestTask.lambda$executeRecursively$6(NodeTestTask.java:155)
	at app//org.junit.platform.engine.support.hierarchical.ThrowableCollector.execute(ThrowableCollector.java:73)
	at app//org.junit.platform.engine.support.hierarchical.NodeTestTask.lambda$executeRecursively$8(NodeTestTask.java:141)
	at app//org.junit.platform.engine.support.hierarchical.Node.around(Node.java:137)
	at app//org.junit.platform.engine.support.hierarchical.NodeTestTask.lambda$executeRecursively$9(NodeTestTask.java:139)
	at app//org.junit.platform.engine.support.hierarchical.ThrowableCollector.execute(ThrowableCollector.java:73)
	at app//org.junit.platform.engine.support.hierarchical.NodeTestTask.executeRecursively(NodeTestTask.java:138)
	at app//org.junit.platform.engine.support.hierarchical.NodeTestTask.execute(NodeTestTask.java:95)
	at java.base@11.0.17/java.util.ArrayList.forEach(ArrayList.java:1541)
	at app//org.junit.platform.engine.support.hierarchical.SameThreadHierarchicalTestExecutorService.invokeAll(SameThreadHierarchicalTestExecutorService.java:41)
	at app//org.junit.platform.engine.support.hierarchical.NodeTestTask.lambda$executeRecursively$6(NodeTestTask.java:155)
	at app//org.junit.platform.engine.support.hierarchical.ThrowableCollector.execute(ThrowableCollector.java:73)
	at app//org.junit.platform.engine.support.hierarchical.NodeTestTask.lambda$executeRecursively$8(NodeTestTask.java:141)
	at app//org.junit.platform.engine.support.hierarchical.Node.around(Node.java:137)
	at app//org.junit.platform.engine.support.hierarchical.NodeTestTask.lambda$executeRecursively$9(NodeTestTask.java:139)
	at app//org.junit.platform.engine.support.hierarchical.ThrowableCollector.execute(ThrowableCollector.java:73)
	at app//org.junit.platform.engine.support.hierarchical.NodeTestTask.executeRecursively(NodeTestTask.java:138)
	at app//org.junit.platform.engine.support.hierarchical.NodeTestTask.execute(NodeTestTask.java:95)
	at app//org.junit.platform.engine.support.hierarchical.SameThreadHierarchicalTestExecutorService.submit(SameThreadHierarchicalTestExecutorService.java:35)
	at app//org.junit.platform.engine.support.hierarchical.HierarchicalTestExecutor.execute(HierarchicalTestExecutor.java:57)
	at app//org.junit.platform.engine.support.hierarchical.HierarchicalTestEngine.execute(HierarchicalTestEngine.java:54)
	at org.junit.platform.launcher.core.EngineExecutionOrchestrator.execute(EngineExecutionOrchestrator.java:107)
	at org.junit.platform.launcher.core.EngineExecutionOrchestrator.execute(EngineExecutionOrchestrator.java:88)
	at org.junit.platform.launcher.core.EngineExecutionOrchestrator.lambda$execute$0(EngineExecutionOrchestrator.java:54)
	at org.junit.platform.launcher.core.EngineExecutionOrchestrator.withInterceptedStreams(EngineExecutionOrchestrator.java:67)
	at org.junit.platform.launcher.core.EngineExecutionOrchestrator.execute(EngineExecutionOrchestrator.java:52)
	at org.junit.platform.launcher.core.DefaultLauncher.execute(DefaultLauncher.java:114)
	at org.junit.platform.launcher.core.DefaultLauncher.execute(DefaultLauncher.java:86)
	at org.junit.platform.launcher.core.DefaultLauncherSession$DelegatingLauncher.execute(DefaultLauncherSession.java:86)
	at org.junit.platform.launcher.core.SessionPerRequestLauncher.execute(SessionPerRequestLauncher.java:53)
	at org.gradle.api.internal.tasks.testing.junitplatform.JUnitPlatformTestClassProcessor$CollectAllTestClassesExecutor.processAllTestClasses(JUnitPlatformTestClassProcessor.java:99)
	at org.gradle.api.internal.tasks.testing.junitplatform.JUnitPlatformTestClassProcessor$CollectAllTestClassesExecutor.access$000(JUnitPlatformTestClassProcessor.java:79)
	at org.gradle.api.internal.tasks.testing.junitplatform.JUnitPlatformTestClassProcessor.stop(JUnitPlatformTestClassProcessor.java:75)
	at org.gradle.api.internal.tasks.testing.SuiteTestClassProcessor.stop(SuiteTestClassProcessor.java:62)
	at java.base@11.0.17/jdk.internal.reflect.NativeMethodAccessorImpl.invoke0(Native Method)
	at java.base@11.0.17/jdk.internal.reflect.NativeMethodAccessorImpl.invoke(NativeMethodAccessorImpl.java:62)
	at java.base@11.0.17/jdk.internal.reflect.DelegatingMethodAccessorImpl.invoke(DelegatingMethodAccessorImpl.java:43)
	at java.base@11.0.17/java.lang.reflect.Method.invoke(Method.java:566)
	at org.gradle.internal.dispatch.ReflectionDispatch.dispatch(ReflectionDispatch.java:36)
	at org.gradle.internal.dispatch.ReflectionDispatch.dispatch(ReflectionDispatch.java:24)
	at org.gradle.internal.dispatch.ContextClassLoaderDispatch.dispatch(ContextClassLoaderDispatch.java:33)
	at org.gradle.internal.dispatch.ProxyDispatchAdapter$DispatchingInvocationHandler.invoke(ProxyDispatchAdapter.java:94)
	at com.sun.proxy.$Proxy2.stop(Unknown Source)
	at org.gradle.api.internal.tasks.testing.worker.TestWorker$3.run(TestWorker.java:193)
	at org.gradle.api.internal.tasks.testing.worker.TestWorker.executeAndMaintainThreadName(TestWorker.java:129)
	at org.gradle.api.internal.tasks.testing.worker.TestWorker.execute(TestWorker.java:100)
	at org.gradle.api.internal.tasks.testing.worker.TestWorker.execute(TestWorker.java:60)
	at org.gradle.process.internal.worker.child.ActionExecutionWorker.execute(ActionExecutionWorker.java:56)
	at org.gradle.process.internal.worker.child.SystemApplicationClassLoaderWorker.call(SystemApplicationClassLoaderWorker.java:113)
	at org.gradle.process.internal.worker.child.SystemApplicationClassLoaderWorker.call(SystemApplicationClassLoaderWorker.java:65)
	at app//worker.org.gradle.process.internal.worker.GradleWorkerMain.run(GradleWorkerMain.java:69)
	at app//worker.org.gradle.process.internal.worker.GradleWorkerMain.main(GradleWorkerMain.java:74)
</failure>
  </testcase>
  <testcase name="리뷰글 상세 조회 테스트" classname="ynzmz.server.review.lecture.controller.LectureReviewControllerTest" time="0.012">
    <failure message="org.springframework.restdocs.snippet.SnippetException: The following parts of the payload were not documented:&#10;{&#10;  &quot;data&quot; : {&#10;    &quot;member&quot; : {&#10;      &quot;questions&quot; : [ ],&#10;      &quot;answers&quot; : [ ],&#10;      &quot;questionVotes&quot; : [ ],&#10;      &quot;answerVotes&quot; : [ ]&#10;    },&#10;    &quot;comments&quot; : [ {&#10;      &quot;member&quot; : {&#10;        &quot;questions&quot; : [ ],&#10;        &quot;answers&quot; : [ ],&#10;        &quot;questionVotes&quot; : [ ],&#10;        &quot;answerVotes&quot; : [ ]&#10;      }&#10;    }, {&#10;      &quot;member&quot; : {&#10;        &quot;questions&quot; : [ ],&#10;        &quot;answers&quot; : [ ],&#10;        &quot;questionVotes&quot; : [ ],&#10;        &quot;answerVotes&quot; : [ ]&#10;      }&#10;    }, {&#10;      &quot;member&quot; : {&#10;        &quot;questions&quot; : [ ],&#10;        &quot;answers&quot; : [ ],&#10;        &quot;questionVotes&quot; : [ ],&#10;        &quot;answerVotes&quot; : [ ]&#10;      }&#10;    }, {&#10;      &quot;member&quot; : {&#10;        &quot;questions&quot; : [ ],&#10;        &quot;answers&quot; : [ ],&#10;        &quot;questionVotes&quot; : [ ],&#10;        &quot;answerVotes&quot; : [ ]&#10;      }&#10;    }, {&#10;      &quot;member&quot; : {&#10;        &quot;questions&quot; : [ ],&#10;        &quot;answers&quot; : [ ],&#10;        &quot;questionVotes&quot; : [ ],&#10;        &quot;answerVotes&quot; : [ ]&#10;      }&#10;    }, {&#10;      &quot;member&quot; : {&#10;        &quot;questions&quot; : [ ],&#10;        &quot;answers&quot; : [ ],&#10;        &quot;questionVotes&quot; : [ ],&#10;        &quot;answerVotes&quot; : [ ]&#10;      }&#10;    } ]&#10;  }&#10;}" type="org.springframework.restdocs.snippet.SnippetException">org.springframework.restdocs.snippet.SnippetException: The following parts of the payload were not documented:
{
  &quot;data&quot; : {
    &quot;member&quot; : {
      &quot;questions&quot; : [ ],
      &quot;answers&quot; : [ ],
      &quot;questionVotes&quot; : [ ],
      &quot;answerVotes&quot; : [ ]
    },
    &quot;comments&quot; : [ {
      &quot;member&quot; : {
        &quot;questions&quot; : [ ],
        &quot;answers&quot; : [ ],
        &quot;questionVotes&quot; : [ ],
        &quot;answerVotes&quot; : [ ]
      }
    }, {
      &quot;member&quot; : {
        &quot;questions&quot; : [ ],
        &quot;answers&quot; : [ ],
        &quot;questionVotes&quot; : [ ],
        &quot;answerVotes&quot; : [ ]
      }
    }, {
      &quot;member&quot; : {
        &quot;questions&quot; : [ ],
        &quot;answers&quot; : [ ],
        &quot;questionVotes&quot; : [ ],
        &quot;answerVotes&quot; : [ ]
      }
    }, {
      &quot;member&quot; : {
        &quot;questions&quot; : [ ],
        &quot;answers&quot; : [ ],
        &quot;questionVotes&quot; : [ ],
        &quot;answerVotes&quot; : [ ]
      }
    }, {
      &quot;member&quot; : {
        &quot;questions&quot; : [ ],
        &quot;answers&quot; : [ ],
        &quot;questionVotes&quot; : [ ],
        &quot;answerVotes&quot; : [ ]
      }
    }, {
      &quot;member&quot; : {
        &quot;questions&quot; : [ ],
        &quot;answers&quot; : [ ],
        &quot;questionVotes&quot; : [ ],
        &quot;answerVotes&quot; : [ ]
      }
    } ]
  }
}
	at app//org.springframework.restdocs.payload.AbstractFieldsSnippet.validateFieldDocumentation(AbstractFieldsSnippet.java:218)
	at app//org.springframework.restdocs.payload.AbstractFieldsSnippet.createModel(AbstractFieldsSnippet.java:160)
	at app//org.springframework.restdocs.snippet.TemplatedSnippet.document(TemplatedSnippet.java:78)
	at app//org.springframework.restdocs.generate.RestDocumentationGenerator.handle(RestDocumentationGenerator.java:191)
	at app//org.springframework.restdocs.mockmvc.RestDocumentationResultHandler.handle(RestDocumentationResultHandler.java:52)
	at app//org.springframework.test.web.servlet.MockMvc$1.andDo(MockMvc.java:219)
	at app//ynzmz.server.review.lecture.controller.LectureReviewControllerTest.getReviewPostDetail(LectureReviewControllerTest.java:269)
	at java.base@11.0.17/jdk.internal.reflect.NativeMethodAccessorImpl.invoke0(Native Method)
	at java.base@11.0.17/jdk.internal.reflect.NativeMethodAccessorImpl.invoke(NativeMethodAccessorImpl.java:62)
	at java.base@11.0.17/jdk.internal.reflect.DelegatingMethodAccessorImpl.invoke(DelegatingMethodAccessorImpl.java:43)
	at java.base@11.0.17/java.lang.reflect.Method.invoke(Method.java:566)
	at app//org.junit.platform.commons.util.ReflectionUtils.invokeMethod(ReflectionUtils.java:725)
	at app//org.junit.jupiter.engine.execution.MethodInvocation.proceed(MethodInvocation.java:60)
	at app//org.junit.jupiter.engine.execution.InvocationInterceptorChain$ValidatingInvocation.proceed(InvocationInterceptorChain.java:131)
	at app//org.junit.jupiter.engine.extension.TimeoutExtension.intercept(TimeoutExtension.java:149)
	at app//org.junit.jupiter.engine.extension.TimeoutExtension.interceptTestableMethod(TimeoutExtension.java:140)
	at app//org.junit.jupiter.engine.extension.TimeoutExtension.interceptTestMethod(TimeoutExtension.java:84)
	at app//org.junit.jupiter.engine.execution.ExecutableInvoker$ReflectiveInterceptorCall.lambda$ofVoidMethod$0(ExecutableInvoker.java:115)
	at app//org.junit.jupiter.engine.execution.ExecutableInvoker.lambda$invoke$0(ExecutableInvoker.java:105)
	at app//org.junit.jupiter.engine.execution.InvocationInterceptorChain$InterceptedInvocation.proceed(InvocationInterceptorChain.java:106)
	at app//org.junit.jupiter.engine.execution.InvocationInterceptorChain.proceed(InvocationInterceptorChain.java:64)
	at app//org.junit.jupiter.engine.execution.InvocationInterceptorChain.chainAndInvoke(InvocationInterceptorChain.java:45)
	at app//org.junit.jupiter.engine.execution.InvocationInterceptorChain.invoke(InvocationInterceptorChain.java:37)
	at app//org.junit.jupiter.engine.execution.ExecutableInvoker.invoke(ExecutableInvoker.java:104)
	at app//org.junit.jupiter.engine.execution.ExecutableInvoker.invoke(ExecutableInvoker.java:98)
	at app//org.junit.jupiter.engine.descriptor.TestMethodTestDescriptor.lambda$invokeTestMethod$7(TestMethodTestDescriptor.java:214)
	at app//org.junit.platform.engine.support.hierarchical.ThrowableCollector.execute(ThrowableCollector.java:73)
	at app//org.junit.jupiter.engine.descriptor.TestMethodTestDescriptor.invokeTestMethod(TestMethodTestDescriptor.java:210)
	at app//org.junit.jupiter.engine.descriptor.TestMethodTestDescriptor.execute(TestMethodTestDescriptor.java:135)
	at app//org.junit.jupiter.engine.descriptor.TestMethodTestDescriptor.execute(TestMethodTestDescriptor.java:66)
	at app//org.junit.platform.engine.support.hierarchical.NodeTestTask.lambda$executeRecursively$6(NodeTestTask.java:151)
	at app//org.junit.platform.engine.support.hierarchical.ThrowableCollector.execute(ThrowableCollector.java:73)
	at app//org.junit.platform.engine.support.hierarchical.NodeTestTask.lambda$executeRecursively$8(NodeTestTask.java:141)
	at app//org.junit.platform.engine.support.hierarchical.Node.around(Node.java:137)
	at app//org.junit.platform.engine.support.hierarchical.NodeTestTask.lambda$executeRecursively$9(NodeTestTask.java:139)
	at app//org.junit.platform.engine.support.hierarchical.ThrowableCollector.execute(ThrowableCollector.java:73)
	at app//org.junit.platform.engine.support.hierarchical.NodeTestTask.executeRecursively(NodeTestTask.java:138)
	at app//org.junit.platform.engine.support.hierarchical.NodeTestTask.execute(NodeTestTask.java:95)
	at java.base@11.0.17/java.util.ArrayList.forEach(ArrayList.java:1541)
	at app//org.junit.platform.engine.support.hierarchical.SameThreadHierarchicalTestExecutorService.invokeAll(SameThreadHierarchicalTestExecutorService.java:41)
	at app//org.junit.platform.engine.support.hierarchical.NodeTestTask.lambda$executeRecursively$6(NodeTestTask.java:155)
	at app//org.junit.platform.engine.support.hierarchical.ThrowableCollector.execute(ThrowableCollector.java:73)
	at app//org.junit.platform.engine.support.hierarchical.NodeTestTask.lambda$executeRecursively$8(NodeTestTask.java:141)
	at app//org.junit.platform.engine.support.hierarchical.Node.around(Node.java:137)
	at app//org.junit.platform.engine.support.hierarchical.NodeTestTask.lambda$executeRecursively$9(NodeTestTask.java:139)
	at app//org.junit.platform.engine.support.hierarchical.ThrowableCollector.execute(ThrowableCollector.java:73)
	at app//org.junit.platform.engine.support.hierarchical.NodeTestTask.executeRecursively(NodeTestTask.java:138)
	at app//org.junit.platform.engine.support.hierarchical.NodeTestTask.execute(NodeTestTask.java:95)
	at java.base@11.0.17/java.util.ArrayList.forEach(ArrayList.java:1541)
	at app//org.junit.platform.engine.support.hierarchical.SameThreadHierarchicalTestExecutorService.invokeAll(SameThreadHierarchicalTestExecutorService.java:41)
	at app//org.junit.platform.engine.support.hierarchical.NodeTestTask.lambda$executeRecursively$6(NodeTestTask.java:155)
	at app//org.junit.platform.engine.support.hierarchical.ThrowableCollector.execute(ThrowableCollector.java:73)
	at app//org.junit.platform.engine.support.hierarchical.NodeTestTask.lambda$executeRecursively$8(NodeTestTask.java:141)
	at app//org.junit.platform.engine.support.hierarchical.Node.around(Node.java:137)
	at app//org.junit.platform.engine.support.hierarchical.NodeTestTask.lambda$executeRecursively$9(NodeTestTask.java:139)
	at app//org.junit.platform.engine.support.hierarchical.ThrowableCollector.execute(ThrowableCollector.java:73)
	at app//org.junit.platform.engine.support.hierarchical.NodeTestTask.executeRecursively(NodeTestTask.java:138)
	at app//org.junit.platform.engine.support.hierarchical.NodeTestTask.execute(NodeTestTask.java:95)
	at app//org.junit.platform.engine.support.hierarchical.SameThreadHierarchicalTestExecutorService.submit(SameThreadHierarchicalTestExecutorService.java:35)
	at app//org.junit.platform.engine.support.hierarchical.HierarchicalTestExecutor.execute(HierarchicalTestExecutor.java:57)
	at app//org.junit.platform.engine.support.hierarchical.HierarchicalTestEngine.execute(HierarchicalTestEngine.java:54)
	at org.junit.platform.launcher.core.EngineExecutionOrchestrator.execute(EngineExecutionOrchestrator.java:107)
	at org.junit.platform.launcher.core.EngineExecutionOrchestrator.execute(EngineExecutionOrchestrator.java:88)
	at org.junit.platform.launcher.core.EngineExecutionOrchestrator.lambda$execute$0(EngineExecutionOrchestrator.java:54)
	at org.junit.platform.launcher.core.EngineExecutionOrchestrator.withInterceptedStreams(EngineExecutionOrchestrator.java:67)
	at org.junit.platform.launcher.core.EngineExecutionOrchestrator.execute(EngineExecutionOrchestrator.java:52)
	at org.junit.platform.launcher.core.DefaultLauncher.execute(DefaultLauncher.java:114)
	at org.junit.platform.launcher.core.DefaultLauncher.execute(DefaultLauncher.java:86)
	at org.junit.platform.launcher.core.DefaultLauncherSession$DelegatingLauncher.execute(DefaultLauncherSession.java:86)
	at org.junit.platform.launcher.core.SessionPerRequestLauncher.execute(SessionPerRequestLauncher.java:53)
	at org.gradle.api.internal.tasks.testing.junitplatform.JUnitPlatformTestClassProcessor$CollectAllTestClassesExecutor.processAllTestClasses(JUnitPlatformTestClassProcessor.java:99)
	at org.gradle.api.internal.tasks.testing.junitplatform.JUnitPlatformTestClassProcessor$CollectAllTestClassesExecutor.access$000(JUnitPlatformTestClassProcessor.java:79)
	at org.gradle.api.internal.tasks.testing.junitplatform.JUnitPlatformTestClassProcessor.stop(JUnitPlatformTestClassProcessor.java:75)
	at org.gradle.api.internal.tasks.testing.SuiteTestClassProcessor.stop(SuiteTestClassProcessor.java:62)
	at java.base@11.0.17/jdk.internal.reflect.NativeMethodAccessorImpl.invoke0(Native Method)
	at java.base@11.0.17/jdk.internal.reflect.NativeMethodAccessorImpl.invoke(NativeMethodAccessorImpl.java:62)
	at java.base@11.0.17/jdk.internal.reflect.DelegatingMethodAccessorImpl.invoke(DelegatingMethodAccessorImpl.java:43)
	at java.base@11.0.17/java.lang.reflect.Method.invoke(Method.java:566)
	at org.gradle.internal.dispatch.ReflectionDispatch.dispatch(ReflectionDispatch.java:36)
	at org.gradle.internal.dispatch.ReflectionDispatch.dispatch(ReflectionDispatch.java:24)
	at org.gradle.internal.dispatch.ContextClassLoaderDispatch.dispatch(ContextClassLoaderDispatch.java:33)
	at org.gradle.internal.dispatch.ProxyDispatchAdapter$DispatchingInvocationHandler.invoke(ProxyDispatchAdapter.java:94)
	at com.sun.proxy.$Proxy2.stop(Unknown Source)
	at org.gradle.api.internal.tasks.testing.worker.TestWorker$3.run(TestWorker.java:193)
	at org.gradle.api.internal.tasks.testing.worker.TestWorker.executeAndMaintainThreadName(TestWorker.java:129)
	at org.gradle.api.internal.tasks.testing.worker.TestWorker.execute(TestWorker.java:100)
	at org.gradle.api.internal.tasks.testing.worker.TestWorker.execute(TestWorker.java:60)
	at org.gradle.process.internal.worker.child.ActionExecutionWorker.execute(ActionExecutionWorker.java:56)
	at org.gradle.process.internal.worker.child.SystemApplicationClassLoaderWorker.call(SystemApplicationClassLoaderWorker.java:113)
	at org.gradle.process.internal.worker.child.SystemApplicationClassLoaderWorker.call(SystemApplicationClassLoaderWorker.java:65)
	at app//worker.org.gradle.process.internal.worker.GradleWorkerMain.run(GradleWorkerMain.java:69)
	at app//worker.org.gradle.process.internal.worker.GradleWorkerMain.main(GradleWorkerMain.java:74)
</failure>
  </testcase>
  <system-out><![CDATA[2023-03-17 11:54:07.852  INFO 10172 --- [    Test worker] .b.t.a.w.s.WebMvcTestContextBootstrapper : Neither @ContextConfiguration nor @ContextHierarchy found for test class [ynzmz.server.review.lecture.controller.LectureReviewControllerTest], using SpringBootContextLoader
2023-03-17 11:54:07.852  INFO 10172 --- [    Test worker] o.s.t.c.support.AbstractContextLoader    : Could not detect default resource locations for test class [ynzmz.server.review.lecture.controller.LectureReviewControllerTest]: no resource found for suffixes {-context.xml, Context.groovy}.
2023-03-17 11:54:07.852  INFO 10172 --- [    Test worker] t.c.s.AnnotationConfigContextLoaderUtils : Could not detect default configuration classes for test class [ynzmz.server.review.lecture.controller.LectureReviewControllerTest]: LectureReviewControllerTest does not declare any static, non-private, non-final, nested classes annotated with @Configuration.
2023-03-17 11:54:07.856  INFO 10172 --- [    Test worker] .b.t.c.SpringBootTestContextBootstrapper : Found @SpringBootConfiguration ynzmz.server.ServerApplication for test class ynzmz.server.review.lecture.controller.LectureReviewControllerTest
2023-03-17 11:54:07.856  INFO 10172 --- [    Test worker] .b.t.a.w.s.WebMvcTestContextBootstrapper : Loaded default TestExecutionListener class names from location [META-INF/spring.factories]: [org.springframework.security.test.context.support.WithSecurityContextTestExecutionListener, org.springframework.security.test.context.support.ReactorContextTestExecutionListener, org.springframework.boot.test.autoconfigure.restdocs.RestDocsTestExecutionListener, org.springframework.boot.test.autoconfigure.web.client.MockRestServiceServerResetTestExecutionListener, org.springframework.boot.test.autoconfigure.web.servlet.MockMvcPrintOnlyOnFailureTestExecutionListener, org.springframework.boot.test.autoconfigure.web.servlet.WebDriverTestExecutionListener, org.springframework.boot.test.autoconfigure.webservices.client.MockWebServiceServerTestExecutionListener, org.springframework.boot.test.mock.mockito.MockitoTestExecutionListener, org.springframework.boot.test.mock.mockito.ResetMocksTestExecutionListener, org.springframework.test.context.web.ServletTestExecutionListener, org.springframework.test.context.support.DirtiesContextBeforeModesTestExecutionListener, org.springframework.test.context.event.ApplicationEventsTestExecutionListener, org.springframework.test.context.support.DependencyInjectionTestExecutionListener, org.springframework.test.context.support.DirtiesContextTestExecutionListener, org.springframework.test.context.transaction.TransactionalTestExecutionListener, org.springframework.test.context.jdbc.SqlScriptsTestExecutionListener, org.springframework.test.context.event.EventPublishingTestExecutionListener]
2023-03-17 11:54:07.856  INFO 10172 --- [    Test worker] .b.t.a.w.s.WebMvcTestContextBootstrapper : Using TestExecutionListeners: [org.springframework.test.context.web.ServletTestExecutionListener@301da01d, org.springframework.test.context.support.DirtiesContextBeforeModesTestExecutionListener@8004b2d, org.springframework.test.context.event.ApplicationEventsTestExecutionListener@63031e98, org.springframework.boot.test.mock.mockito.MockitoTestExecutionListener@b521697, org.springframework.boot.test.autoconfigure.SpringBootDependencyInjectionTestExecutionListener@569242a8, org.springframework.test.context.support.DirtiesContextTestExecutionListener@5cc12274, org.springframework.test.context.transaction.TransactionalTestExecutionListener@274d10aa, org.springframework.test.context.jdbc.SqlScriptsTestExecutionListener@3c304c7a, org.springframework.security.test.context.support.WithSecurityContextTestExecutionListener@78f3ce56, org.springframework.test.context.event.EventPublishingTestExecutionListener@2df491be, org.springframework.security.test.context.support.ReactorContextTestExecutionListener@62f30cea, org.springframework.boot.test.autoconfigure.restdocs.RestDocsTestExecutionListener@5c1ecf52, org.springframework.boot.test.autoconfigure.web.client.MockRestServiceServerResetTestExecutionListener@3a792bf9, org.springframework.boot.test.autoconfigure.web.servlet.MockMvcPrintOnlyOnFailureTestExecutionListener@33093469, org.springframework.boot.test.autoconfigure.web.servlet.WebDriverTestExecutionListener@4967fabe, org.springframework.boot.test.autoconfigure.webservices.client.MockWebServiceServerTestExecutionListener@6329d89f, org.springframework.boot.test.mock.mockito.ResetMocksTestExecutionListener@10fc01e0]

  .   ____          _            __ _ _
 /\\ / ___'_ __ _ _(_)_ __  __ _ \ \ \ \
( ( )\___ | '_ | '_| | '_ \/ _` | \ \ \ \
 \\/  ___)| |_)| | | | | || (_| |  ) ) ) )
  '  |____| .__|_| |_|_| |_\__, | / / / /
 =========|_|==============|___/=/_/_/_/
 :: Spring Boot ::                (v2.7.9)

2023-03-17 11:54:07.866  INFO 10172 --- [    Test worker] y.s.r.l.c.LectureReviewControllerTest    : Starting LectureReviewControllerTest using Java 11.0.17 on gimminhoui-MacBookPro.local with PID 10172 (started by mino in /Users/mino/codestates/seb42_main_027/server)
2023-03-17 11:54:07.866  INFO 10172 --- [    Test worker] y.s.r.l.c.LectureReviewControllerTest    : The following 1 profile is active: "server"
2023-03-17 11:54:08.042  WARN 10172 --- [    Test worker] .s.s.UserDetailsServiceAutoConfiguration : 

Using generated security password: 4c3e694f-2890-4ab2-8d87-e626b76e5a5d

This generated password is for development use only. Your security configuration must be updated before running your application in production.

2023-03-17 11:54:08.058  INFO 10172 --- [    Test worker] o.s.s.web.DefaultSecurityFilterChain     : Will secure any request with [org.springframework.security.web.session.DisableEncodeUrlFilter@42017162, org.springframework.security.web.context.request.async.WebAsyncManagerIntegrationFilter@66049424, org.springframework.security.web.context.SecurityContextPersistenceFilter@32c503d3, org.springframework.security.web.header.HeaderWriterFilter@2079ce51, org.springframework.security.web.authentication.logout.LogoutFilter@221b9c2b, org.springframework.security.web.savedrequest.RequestCacheAwareFilter@5626cb89, org.springframework.security.web.servletapi.SecurityContextHolderAwareRequestFilter@38c38c5a, org.springframework.security.web.authentication.AnonymousAuthenticationFilter@8eb1297, org.springframework.security.web.session.SessionManagementFilter@1692d173, org.springframework.security.web.access.ExceptionTranslationFilter@c0d114b]
2023-03-17 11:54:08.073  INFO 10172 --- [    Test worker] o.s.b.t.m.w.SpringBootMockServletContext : Initializing Spring TestDispatcherServlet ''
2023-03-17 11:54:08.073  INFO 10172 --- [    Test worker] o.s.t.web.servlet.TestDispatcherServlet  : Initializing Servlet ''
2023-03-17 11:54:08.073  INFO 10172 --- [    Test worker] o.s.t.web.servlet.TestDispatcherServlet  : Completed initialization in 0 ms
2023-03-17 11:54:08.077  INFO 10172 --- [    Test worker] y.s.r.l.c.LectureReviewControllerTest    : Started LectureReviewControllerTest in 0.22 seconds (JVM running for 6.636)

MockHttpServletRequest:
      HTTP Method = POST
      Request URI = /lectures/reviews
       Parameters = {}
          Headers = [Content-Type:"application/json;charset=UTF-8", Accept:"application/json", Content-Length:"132"]
             Body = {"title":"리뷰글 제목","starPoint":5,"content":"리뷰글 내용","memberId":1,"lectureId":1,"createdAt":"2023.03.10.18:52:36"}
    Session Attrs = {SPRING_SECURITY_CONTEXT=SecurityContextImpl [Authentication=UsernamePasswordAuthenticationToken [Principal=org.springframework.security.core.userdetails.User [Username=user, Password=[PROTECTED], Enabled=true, AccountNonExpired=true, credentialsNonExpired=true, AccountNonLocked=true, Granted Authorities=[ROLE_USER]], Credentials=[PROTECTED], Authenticated=true, Details=null, Granted Authorities=[ROLE_USER]]]}

Handler:
             Type = ynzmz.server.review.lecture.controller.LectureReviewController
           Method = ynzmz.server.review.lecture.controller.LectureReviewController#postLectureReview(Post)

Async:
    Async started = false
     Async result = null

Resolved Exception:
             Type = null

ModelAndView:
        View name = null
             View = null
            Model = null

FlashMap:
       Attributes = null

MockHttpServletResponse:
           Status = 201
    Error message = null
          Headers = [Vary:"Origin", "Access-Control-Request-Method", "Access-Control-Request-Headers", Content-Type:"application/json", X-Content-Type-Options:"nosniff", X-XSS-Protection:"1; mode=block", Cache-Control:"no-cache, no-store, max-age=0, must-revalidate", Pragma:"no-cache", Expires:"0", X-Frame-Options:"DENY"]
     Content type = application/json
             Body = {"data":{"lectureReviewId":1,"title":"리뷰글 제목","starPoint":5,"content":"리뷰글 내용","createdAt":"2023.03.10.18:52:36","modifiedAt":"2023.03.10.18:52:36","viewCount":1,"voteCount":0,"lecture":{"lectureId":1,"title":"강의 이름!","starPointAverage":0.0},"member":{"memberId":1,"email":"ghdrlfehd@gmail.com","displayName":"홍길동","password":"1111","iconImageUrl":"IconUrl","createdAt":"2023.03.10.18:52:36","roles":[],"memberStatus":"MEMBER_ACTIVE","questions":[],"answers":[],"questionVotes":[],"answerVotes":[]}}}
    Forwarded URL = null
   Redirected URL = null
          Cookies = []

MockHttpServletRequest:
      HTTP Method = PATCH
      Request URI = /lectures/reviews/1
       Parameters = {}
          Headers = [Content-Type:"application/json;charset=UTF-8", Accept:"application/json", Content-Length:"106"]
             Body = {"title":"리뷰글 제목","starPoint":5,"content":"리뷰글 내용","modifiedAt":"2023.03.10.18:52:36"}
    Session Attrs = {SPRING_SECURITY_CONTEXT=SecurityContextImpl [Authentication=UsernamePasswordAuthenticationToken [Principal=org.springframework.security.core.userdetails.User [Username=user, Password=[PROTECTED], Enabled=true, AccountNonExpired=true, credentialsNonExpired=true, AccountNonLocked=true, Granted Authorities=[ROLE_USER]], Credentials=[PROTECTED], Authenticated=true, Details=null, Granted Authorities=[ROLE_USER]]]}

Handler:
             Type = ynzmz.server.review.lecture.controller.LectureReviewController
           Method = ynzmz.server.review.lecture.controller.LectureReviewController#patchLectureReview(long, Patch)

Async:
    Async started = false
     Async result = null

Resolved Exception:
             Type = null

ModelAndView:
        View name = null
             View = null
            Model = null

FlashMap:
       Attributes = null

MockHttpServletResponse:
           Status = 200
    Error message = null
          Headers = [Vary:"Origin", "Access-Control-Request-Method", "Access-Control-Request-Headers", Content-Type:"application/json", X-Content-Type-Options:"nosniff", X-XSS-Protection:"1; mode=block", Cache-Control:"no-cache, no-store, max-age=0, must-revalidate", Pragma:"no-cache", Expires:"0", X-Frame-Options:"DENY"]
     Content type = application/json
             Body = {"data":{"lectureReviewId":1,"title":"리뷰글 제목","starPoint":5,"content":"리뷰글 내용","createdAt":"2023.03.10.18:52:36","modifiedAt":"2023.03.10.18:52:36","viewCount":1,"voteCount":0,"lecture":{"lectureId":1,"title":"강의 이름!","starPointAverage":0.0},"member":{"memberId":1,"email":"ghdrlfehd@gmail.com","displayName":"홍길동","password":"1111","iconImageUrl":"IconUrl","createdAt":"2023.03.10.18:52:36","roles":[],"memberStatus":"MEMBER_ACTIVE","questions":[],"answers":[],"questionVotes":[],"answerVotes":[]}}}
    Forwarded URL = null
   Redirected URL = null
          Cookies = []

MockHttpServletRequest:
      HTTP Method = GET
      Request URI = /lectures/reviews/1
       Parameters = {}
          Headers = [Content-Type:"application/json;charset=UTF-8", Accept:"application/json"]
             Body = null
    Session Attrs = {SPRING_SECURITY_CONTEXT=SecurityContextImpl [Authentication=UsernamePasswordAuthenticationToken [Principal=org.springframework.security.core.userdetails.User [Username=user, Password=[PROTECTED], Enabled=true, AccountNonExpired=true, credentialsNonExpired=true, AccountNonLocked=true, Granted Authorities=[ROLE_USER]], Credentials=[PROTECTED], Authenticated=true, Details=null, Granted Authorities=[ROLE_USER]]]}

Handler:
             Type = ynzmz.server.review.lecture.controller.LectureReviewController
           Method = ynzmz.server.review.lecture.controller.LectureReviewController#getReviewDetail(long)

Async:
    Async started = false
     Async result = null

Resolved Exception:
             Type = null

ModelAndView:
        View name = null
             View = null
            Model = null

FlashMap:
       Attributes = null

MockHttpServletResponse:
           Status = 200
    Error message = null
          Headers = [Vary:"Origin", "Access-Control-Request-Method", "Access-Control-Request-Headers", Content-Type:"application/json", X-Content-Type-Options:"nosniff", X-XSS-Protection:"1; mode=block", Cache-Control:"no-cache, no-store, max-age=0, must-revalidate", Pragma:"no-cache", Expires:"0", X-Frame-Options:"DENY"]
     Content type = application/json
             Body = {"data":{"lectureReviewId":1,"title":"리뷰글 제목","starPoint":5,"content":"리뷰글 내용","createdAt":"2023.03.10.18:52:36","modifiedAt":"2023.03.10.18:52:36","viewCount":1,"voteCount":0,"teacher":{"teacherId":1,"name":"홍길동","starPointAverage":0.0},"lecture":{"lectureId":1,"title":"강의 이름!","starPointAverage":0.0},"member":{"memberId":1,"email":"ghdrlfehd@gmail.com","displayName":"홍길동","password":"1111","iconImageUrl":"IconUrl","createdAt":"2023.03.10.18:52:36","roles":[],"memberStatus":"MEMBER_ACTIVE","questions":[],"answers":[],"questionVotes":[],"answerVotes":[]},"comments":[{"lectureReviewCommentId":1,"content":"이사람 재대로 들은거 맞음?","createdAt":"2023.03.10.18:52:36","modifiedAt":"2023.03.10.18:52:36","voteCount":0,"member":{"memberId":1,"email":"ghdrlfehd@gmail.com","displayName":"홍길동","password":"1111","iconImageUrl":"IconUrl","createdAt":"2023.03.10.18:52:36","roles":[],"memberStatus":"MEMBER_ACTIVE","questions":[],"answers":[],"questionVotes":[],"answerVotes":[]}},{"lectureReviewCommentId":1,"content":"이사람 재대로 들은거 맞음?","createdAt":"2023.03.10.18:52:36","modifiedAt":"2023.03.10.18:52:36","voteCount":0,"member":{"memberId":1,"email":"ghdrlfehd@gmail.com","displayName":"홍길동","password":"1111","iconImageUrl":"IconUrl","createdAt":"2023.03.10.18:52:36","roles":[],"memberStatus":"MEMBER_ACTIVE","questions":[],"answers":[],"questionVotes":[],"answerVotes":[]}},{"lectureReviewCommentId":1,"content":"이사람 재대로 들은거 맞음?","createdAt":"2023.03.10.18:52:36","modifiedAt":"2023.03.10.18:52:36","voteCount":0,"member":{"memberId":1,"email":"ghdrlfehd@gmail.com","displayName":"홍길동","password":"1111","iconImageUrl":"IconUrl","createdAt":"2023.03.10.18:52:36","roles":[],"memberStatus":"MEMBER_ACTIVE","questions":[],"answers":[],"questionVotes":[],"answerVotes":[]}},{"lectureReviewCommentId":1,"content":"이사람 재대로 들은거 맞음?","createdAt":"2023.03.10.18:52:36","modifiedAt":"2023.03.10.18:52:36","voteCount":0,"member":{"memberId":1,"email":"ghdrlfehd@gmail.com","displayName":"홍길동","password":"1111","iconImageUrl":"IconUrl","createdAt":"2023.03.10.18:52:36","roles":[],"memberStatus":"MEMBER_ACTIVE","questions":[],"answers":[],"questionVotes":[],"answerVotes":[]}},{"lectureReviewCommentId":1,"content":"이사람 재대로 들은거 맞음?","createdAt":"2023.03.10.18:52:36","modifiedAt":"2023.03.10.18:52:36","voteCount":0,"member":{"memberId":1,"email":"ghdrlfehd@gmail.com","displayName":"홍길동","password":"1111","iconImageUrl":"IconUrl","createdAt":"2023.03.10.18:52:36","roles":[],"memberStatus":"MEMBER_ACTIVE","questions":[],"answers":[],"questionVotes":[],"answerVotes":[]}},{"lectureReviewCommentId":1,"content":"이사람 재대로 들은거 맞음?","createdAt":"2023.03.10.18:52:36","modifiedAt":"2023.03.10.18:52:36","voteCount":0,"member":{"memberId":1,"email":"ghdrlfehd@gmail.com","displayName":"홍길동","password":"1111","iconImageUrl":"IconUrl","createdAt":"2023.03.10.18:52:36","roles":[],"memberStatus":"MEMBER_ACTIVE","questions":[],"answers":[],"questionVotes":[],"answerVotes":[]}}]}}
    Forwarded URL = null
   Redirected URL = null
          Cookies = []
]]></system-out>
  <system-err><![CDATA[]]></system-err>
</testsuite>
